<?xml version="1.0" encoding="UTF-8"?>
<!-- Generated by org.testng.reporters.JUnitReportReporter -->
<testsuite skipped="0" hostname="md2qjhdc" name="practice.Groups" tests="5" failures="0" timestamp="2021-11-04T12:50:47 IST" time="0.007" errors="0">
  <testcase name="m2" time="0.001" classname="practice.Groups"/>
  <system-out/>
  <testcase name="m4" time="0.000" classname="practice.Groups"/>
  <system-out/>
  <testcase name="m3" time="0.001" classname="practice.Groups"/>
  <system-out/>
  <testcase name="m1" time="0.005" classname="practice.Groups"/>
  <system-out/>
  <testcase name="m5" time="0.000" classname="practice.Groups"/>
  <system-out/>
</testsuite> <!-- practice.Groups -->
