<?xml version="1.0" encoding="UTF-8"?>
<!-- Generated by org.testng.reporters.JUnitReportReporter -->
<testsuite skipped="0" hostname="md2qjhdc" name="practice.Enadis" tests="1" failures="0" timestamp="2021-11-11T23:35:39 IST" time="5.484" errors="0">
  <testcase name="m1" time="5.484" classname="practice.Enadis"/>
  <system-out/>
</testsuite> <!-- practice.Enadis -->
