<?xml version="1.0" encoding="UTF-8"?>
<!-- Generated by org.testng.reporters.JUnitReportReporter -->
<testsuite skipped="0" hostname="md2qjhdc" name="seleniumCoreFeature.CntrlShiftOperation" tests="1" failures="0" timestamp="2021-11-08T18:22:17 IST" time="6.907" errors="0">
  <testcase name="controlShift" time="6.907" classname="seleniumCoreFeature.CntrlShiftOperation"/>
  <system-out/>
</testsuite> <!-- seleniumCoreFeature.CntrlShiftOperation -->
