<?xml version="1.0" encoding="UTF-8"?>
<!-- Generated by org.testng.reporters.JUnitReportReporter -->
<testsuite skipped="0" hostname="md2qjhdc" name="practice.Paramtr1" tests="1" failures="0" timestamp="2021-10-31T00:22:12 IST" time="4.843" errors="0">
  <testcase name="f" time="4.843" classname="practice.Paramtr1"/>
  <system-out/>
</testsuite> <!-- practice.Paramtr1 -->
