<?xml version="1.0" encoding="UTF-8"?>
<!-- Generated by org.testng.reporters.JUnitReportReporter -->
<testsuite skipped="0" hostname="md2qjhdc" name="practice.Ux" tests="2" failures="0" timestamp="2021-12-27T20:01:59 IST" time="10.871" errors="0">
  <testcase name="b" time="5.122" classname="practice.Ux"/>
  <system-out/>
  <testcase name="b" time="5.749" classname="practice.Ux"/>
  <system-out/>
</testsuite> <!-- practice.Ux -->
