<?xml version="1.0" encoding="UTF-8"?>
<!-- Generated by org.testng.reporters.JUnitReportReporter -->
<testsuite skipped="0" hostname="md2qjhdc" name="testNgConcept.Description" tests="1" failures="0" timestamp="2021-10-30T16:57:16 IST" time="0.005" errors="0">
  <testcase name="f" time="0.005" classname="testNgConcept.Description"/>
  <system-out/>
</testsuite> <!-- testNgConcept.Description -->
