<?xml version="1.0" encoding="UTF-8"?>
<!-- Generated by org.testng.reporters.JUnitReportReporter -->
<testsuite skipped="0" hostname="md2qjhdc" name="practice.Qwerty" tests="1" failures="0" timestamp="2021-11-19T09:45:18 IST" time="4.748" errors="0">
  <testcase name="m1" time="4.748" classname="practice.Qwerty"/>
  <system-out/>
</testsuite> <!-- practice.Qwerty -->
