<?xml version="1.0" encoding="UTF-8"?>
<!-- Generated by org.testng.reporters.JUnitReportReporter -->
<testsuite skipped="0" hostname="md2qjhdc" name="epsilon.CntrlShiftOperation" tests="1" failures="0" timestamp="2021-11-03T09:53:47 IST" time="7.279" errors="0">
  <testcase name="controlShift" time="7.279" classname="epsilon.CntrlShiftOperation"/>
  <system-out/>
</testsuite> <!-- epsilon.CntrlShiftOperation -->
