<?xml version="1.0" encoding="UTF-8"?>
<!-- Generated by org.testng.reporters.JUnitReportReporter -->
<testsuite skipped="0" hostname="md2qjhdc" name="seleniumCoreFeature.FindAllLinks" tests="1" failures="0" timestamp="2021-11-22T11:33:37 IST" time="35.633" errors="0">
  <testcase name="f" time="35.633" classname="seleniumCoreFeature.FindAllLinks"/>
  <system-out/>
</testsuite> <!-- seleniumCoreFeature.FindAllLinks -->
