<?xml version="1.0" encoding="UTF-8"?>
<!-- Generated by org.testng.reporters.JUnitReportReporter -->
<testsuite skipped="0" hostname="md2qjhdc" name="practice.NewTest" tests="1" failures="0" timestamp="2021-11-24T11:34:26 IST" time="8.923" errors="0">
  <testcase name="f" time="8.923" classname="practice.NewTest"/>
  <system-out/>
</testsuite> <!-- practice.NewTest -->
