<?xml version="1.0" encoding="UTF-8"?>
<!-- Generated by org.testng.reporters.JUnitReportReporter -->
<testsuite skipped="0" hostname="md2qjhdc" name="testNgConcept.BeforeAfterGroup" tests="3" failures="0" timestamp="2021-10-30T12:10:15 IST" time="0.007" errors="0">
  <testcase name="m2" time="0.001" classname="testNgConcept.BeforeAfterGroup"/>
  <system-out/>
  <testcase name="m1" time="0.005" classname="testNgConcept.BeforeAfterGroup"/>
  <system-out/>
  <testcase name="m3" time="0.001" classname="testNgConcept.BeforeAfterGroup"/>
  <system-out/>
</testsuite> <!-- testNgConcept.BeforeAfterGroup -->
