<?xml version="1.0" encoding="UTF-8"?>
<!-- Generated by org.testng.reporters.JUnitReportReporter -->
<testsuite skipped="0" hostname="md2qjhdc" name="testNgConcept.Priority" tests="3" failures="0" timestamp="2021-10-30T17:10:58 IST" time="0.006" errors="0">
  <testcase name="mobile" time="0.005" classname="testNgConcept.Priority"/>
  <system-out/>
  <testcase name="computer" time="0.001" classname="testNgConcept.Priority"/>
  <system-out/>
  <testcase name="tv" time="0.000" classname="testNgConcept.Priority"/>
  <system-out/>
</testsuite> <!-- testNgConcept.Priority -->
