<?xml version="1.0" encoding="UTF-8"?>
<!-- Generated by org.testng.reporters.JUnitReportReporter -->
<testsuite skipped="0" hostname="md2qjhdc" name="practice.PassParamter" tests="1" failures="0" timestamp="2021-11-04T12:26:37 IST" time="7.686" errors="0">
  <testcase name="parameterTest" time="7.686" classname="practice.PassParamter"/>
  <system-out/>
</testsuite> <!-- practice.PassParamter -->
