<?xml version="1.0" encoding="UTF-8"?>
<!-- Generated by org.testng.reporters.JUnitReportReporter -->
<testsuite skipped="0" hostname="md2qjhdc" name="testNgConcept.ParrallelExecution" tests="2" failures="0" timestamp="2021-11-04T09:26:24 IST" time="11.819" errors="0">
  <testcase name="IeTest" time="3.298" classname="testNgConcept.ParrallelExecution"/>
  <system-out/>
  <testcase name="FireFoxTestTest" time="8.521" classname="testNgConcept.ParrallelExecution"/>
  <system-out/>
</testsuite> <!-- testNgConcept.ParrallelExecution -->
