<?xml version="1.0" encoding="UTF-8"?>
<!-- Generated by org.testng.reporters.JUnitReportReporter -->
<testsuite skipped="0" hostname="md2qjhdc" name="testNgConcept.TestNgXmlFileCreation" tests="3" failures="0" timestamp="08 Oct 2021 09:40:53 GMT" time="0.004" errors="0">
  <testcase name="test2" time="0.001" classname="testNgConcept.TestNgXmlFileCreation"/>
  <testcase name="test3" time="0.001" classname="testNgConcept.TestNgXmlFileCreation"/>
  <testcase name="test1" time="0.002" classname="testNgConcept.TestNgXmlFileCreation"/>
</testsuite> <!-- testNgConcept.TestNgXmlFileCreation -->
