<?xml version="1.0" encoding="UTF-8"?>
<!-- Generated by org.testng.reporters.JUnitReportReporter -->
<testsuite skipped="0" hostname="md2qjhdc" name="testNgConcept.DataProvider2" tests="7" failures="0" timestamp="2021-11-07T15:56:30 IST" time="47.338" errors="0">
  <testcase name="f" time="6.374" classname="testNgConcept.DataProvider2"/>
  <system-out/>
  <testcase name="f" time="6.362" classname="testNgConcept.DataProvider2"/>
  <system-out/>
  <testcase name="f" time="6.292" classname="testNgConcept.DataProvider2"/>
  <system-out/>
  <testcase name="f" time="6.458" classname="testNgConcept.DataProvider2"/>
  <system-out/>
  <testcase name="f" time="9.292" classname="testNgConcept.DataProvider2"/>
  <system-out/>
  <testcase name="f" time="6.253" classname="testNgConcept.DataProvider2"/>
  <system-out/>
  <testcase name="f" time="6.307" classname="testNgConcept.DataProvider2"/>
  <system-out/>
</testsuite> <!-- testNgConcept.DataProvider2 -->
