<?xml version="1.0" encoding="UTF-8"?>
<!-- Generated by org.testng.reporters.JUnitReportReporter -->
<testsuite skipped="0" hostname="md2qjhdc" name="testNgConcept.InnvocationCnt" tests="5" failures="0" timestamp="2021-10-30T23:56:03 IST" time="0.008" errors="0">
  <testcase name="f" time="0.001" classname="testNgConcept.InnvocationCnt"/>
  <system-out/>
  <testcase name="f" time="0.001" classname="testNgConcept.InnvocationCnt"/>
  <system-out/>
  <testcase name="f" time="0.001" classname="testNgConcept.InnvocationCnt"/>
  <system-out/>
  <testcase name="f" time="0.005" classname="testNgConcept.InnvocationCnt"/>
  <system-out/>
  <testcase name="f" time="0.000" classname="testNgConcept.InnvocationCnt"/>
  <system-out/>
</testsuite> <!-- testNgConcept.InnvocationCnt -->
