<?xml version="1.0" encoding="UTF-8"?>
<!-- Generated by org.testng.reporters.JUnitReportReporter -->
<testsuite skipped="0" hostname="md2qjhdc" name="testNgConcept.DataProvidersss" tests="2" failures="0" timestamp="2021-10-30T18:41:43 IST" time="9.747" errors="0">
  <testcase name="dataProvider" time="4.304" classname="testNgConcept.DataProvidersss"/>
  <system-out/>
  <testcase name="dataProvider" time="5.443" classname="testNgConcept.DataProvidersss"/>
  <system-out/>
</testsuite> <!-- testNgConcept.DataProvidersss -->
