<?xml version="1.0" encoding="UTF-8"?>
<!-- Generated by org.testng.reporters.JUnitReportReporter -->
<testsuite skipped="0" hostname="md2qjhdc" name="practice.NewTest" tests="1" failures="0" timestamp="2021-12-27T20:10:41 IST" time="0.007" errors="0">
  <testcase name="f" time="0.007" classname="practice.NewTest"/>
  <system-out/>
</testsuite> <!-- practice.NewTest -->
