<?xml version="1.0" encoding="UTF-8"?>
<!-- Generated by org.testng.reporters.JUnitReportReporter -->
<testsuite skipped="0" hostname="md2qjhdc" name="testNgConcept.TestNgAnnotationExecutionSequence" tests="1" failures="0" timestamp="2021-11-12T17:34:16 IST" time="0.004" errors="0">
  <testcase name="f" time="0.004" classname="testNgConcept.TestNgAnnotationExecutionSequence"/>
  <system-out/>
</testsuite> <!-- testNgConcept.TestNgAnnotationExecutionSequence -->
