<?xml version="1.0" encoding="UTF-8"?>
<!-- Generated by org.testng.reporters.JUnitReportReporter -->
<testsuite skipped="0" hostname="md2qjhdc" name="practice.Link" tests="1" failures="0" timestamp="2021-11-17T13:10:52 IST" time="9.728" errors="0">
  <testcase name="A" time="9.728" classname="practice.Link"/>
  <system-out/>
</testsuite> <!-- practice.Link -->
