<?xml version="1.0" encoding="UTF-8"?>
<!-- Generated by org.testng.reporters.JUnitReportReporter -->
<testsuite skipped="2" hostname="md2qjhdc" name="testNgConcept.DisableTestCaseInTestAnotation" tests="3" failures="0" timestamp="30 Oct 2021 04:52:10 GMT" time="0.007" errors="0">
  <testcase name="test3" time="0.007" classname="testNgConcept.DisableTestCaseInTestAnotation"/>
  <testcase name="test2" classname="testNgConcept.DisableTestCaseInTestAnotation">
    <skipped/>
  </testcase> <!-- test2 -->
  <testcase name="test1" classname="testNgConcept.DisableTestCaseInTestAnotation">
    <skipped/>
  </testcase> <!-- test1 -->
</testsuite> <!-- testNgConcept.DisableTestCaseInTestAnotation -->
