<?xml version="1.0" encoding="UTF-8"?>
<!-- Generated by org.testng.reporters.JUnitReportReporter -->
<testsuite skipped="0" hostname="md2qjhdc" name="practice.Sample" tests="1" failures="0" timestamp="2021-12-02T16:49:09 IST" time="0.003" errors="0">
  <testcase name="f" time="0.003" classname="practice.Sample"/>
  <system-out/>
</testsuite> <!-- practice.Sample -->
