<?xml version="1.0" encoding="UTF-8"?>
<!-- Generated by org.testng.reporters.JUnitReportReporter -->
<testsuite skipped="0" hostname="md2qjhdc" name="practice.DtaProvider" tests="2" failures="0" timestamp="2021-10-31T00:05:35 IST" time="9.637" errors="0">
  <testcase name="f" time="5.231" classname="practice.DtaProvider"/>
  <system-out/>
  <testcase name="f" time="4.406" classname="practice.DtaProvider"/>
  <system-out/>
</testsuite> <!-- practice.DtaProvider -->
