<?xml version="1.0" encoding="UTF-8"?>
<!-- Generated by org.testng.reporters.JUnitReportReporter -->
<testsuite skipped="0" hostname="md2qjhdc" name="testNgConcept.ParamterSpecificToTestCase" tests="1" failures="0" timestamp="2021-10-30T17:45:12 IST" time="0.005" errors="0">
  <testcase name="sum" time="0.005" classname="testNgConcept.ParamterSpecificToTestCase"/>
  <system-out/>
</testsuite> <!-- testNgConcept.ParamterSpecificToTestCase -->
