<?xml version="1.0" encoding="UTF-8"?>
<!-- Generated by org.testng.reporters.JUnitReportReporter -->
<testsuite skipped="0" hostname="md2qjhdc" name="epsilon.FindAllLinks" tests="1" failures="0" timestamp="2021-11-03T09:59:42 IST" time="30.802" errors="0">
  <testcase name="f" time="30.802" classname="epsilon.FindAllLinks"/>
  <system-out/>
</testsuite> <!-- epsilon.FindAllLinks -->
