<?xml version="1.0" encoding="UTF-8"?>
<!-- Generated by org.testng.reporters.JUnitReportReporter -->
<testsuite skipped="0" hostname="md2qjhdc" name="seleniumCoreFeature.CntrlShiftOperation" tests="1" failures="0" timestamp="2021-11-15T17:55:27 IST" time="7.904" errors="0">
  <testcase name="controlShift" time="7.904" classname="seleniumCoreFeature.CntrlShiftOperation"/>
  <system-out/>
</testsuite> <!-- seleniumCoreFeature.CntrlShiftOperation -->
