<?xml version="1.0" encoding="UTF-8"?>
<!-- Generated by org.testng.reporters.JUnitReportReporter -->
<testsuite skipped="0" hostname="md2qjhdc" name="testNgConcept.EnableDisableTestMethodsInXmlFileUsingRegex" tests="2" failures="0" timestamp="30 Oct 2021 05:23:16 GMT" time="0.006" errors="0">
  <testcase name="m3" time="0.001" classname="testNgConcept.EnableDisableTestMethodsInXmlFileUsingRegex"/>
  <testcase name="m" time="0.005" classname="testNgConcept.EnableDisableTestMethodsInXmlFileUsingRegex"/>
</testsuite> <!-- testNgConcept.EnableDisableTestMethodsInXmlFileUsingRegex -->
