<?xml version="1.0" encoding="UTF-8"?>
<!-- Generated by org.testng.reporters.JUnitReportReporter -->
<testsuite skipped="0" hostname="md2qjhdc" name="practice.Handle" tests="1" failures="0" timestamp="2021-11-01T12:33:50 IST" time="11.053" errors="0">
  <testcase name="f" time="11.053" classname="practice.Handle"/>
  <system-out/>
</testsuite> <!-- practice.Handle -->
