<?xml version="1.0" encoding="UTF-8"?>
<!-- Generated by org.testng.reporters.JUnitReportReporter -->
<testsuite skipped="0" hostname="md2qjhdc" name="testNgConcept.GroupsInTestNg" tests="1" failures="0" timestamp="30 Oct 2021 05:41:45 GMT" time="0.006" errors="0">
  <testcase name="m1" time="0.006" classname="testNgConcept.GroupsInTestNg"/>
</testsuite> <!-- testNgConcept.GroupsInTestNg -->
