<?xml version="1.0" encoding="UTF-8"?>
<!-- Generated by org.testng.reporters.JUnitReportReporter -->
<testsuite skipped="0" hostname="md2qjhdc" name="epsilon.CntrlShiftOperation" tests="1" failures="0" timestamp="2021-11-04T10:01:54 IST" time="6.891" errors="0">
  <testcase name="controlShift" time="6.891" classname="epsilon.CntrlShiftOperation"/>
  <system-out/>
</testsuite> <!-- epsilon.CntrlShiftOperation -->
