<?xml version="1.0" encoding="UTF-8"?>
<!-- Generated by org.testng.reporters.JUnitReportReporter -->
<testsuite skipped="0" hostname="md2qjhdc" name="testNgConcept.RunningTheTestCaseWithRegex" tests="3" failures="0" timestamp="08 Oct 2021 09:40:53 GMT" time="0.002" errors="0">
  <testcase name="Laptop" time="0.001" classname="testNgConcept.RunningTheTestCaseWithRegex"/>
  <testcase name="MobileIphone" time="0.000" classname="testNgConcept.RunningTheTestCaseWithRegex"/>
  <testcase name="MobileAndroid" time="0.001" classname="testNgConcept.RunningTheTestCaseWithRegex"/>
</testsuite> <!-- testNgConcept.RunningTheTestCaseWithRegex -->
