<?xml version="1.0" encoding="UTF-8"?>
<!-- Generated by org.testng.reporters.JUnitReportReporter -->
<testsuite skipped="0" hostname="md2qjhdc" name="practice.NewTest1" tests="2" failures="0" timestamp="2021-10-30T23:54:27 IST" time="0.000" errors="0">
  <testcase name="m1" time="0.000" classname="practice.NewTest1"/>
  <system-out/>
  <testcase name="m2" time="0.000" classname="practice.NewTest1"/>
  <system-out/>
</testsuite> <!-- practice.NewTest1 -->
