<?xml version="1.0" encoding="UTF-8"?>
<!-- Generated by org.testng.reporters.JUnitReportReporter -->
<testsuite skipped="1" hostname="md2qjhdc" name="testNgConcept.EnableDisbleTestsInTestAnotattion" tests="3" failures="0" timestamp="2021-10-30T17:11:45 IST" time="0.006" errors="0">
  <testcase name="m3" time="0.001" classname="testNgConcept.EnableDisbleTestsInTestAnotattion"/>
  <system-out/>
  <testcase name="m1" time="0.005" classname="testNgConcept.EnableDisbleTestsInTestAnotattion"/>
  <system-out/>
  <testcase name="m2" classname="testNgConcept.EnableDisbleTestsInTestAnotattion">
    <skipped/>
  </testcase> <!-- m2 -->
  <system-out/>
</testsuite> <!-- testNgConcept.EnableDisbleTestsInTestAnotattion -->
