<?xml version="1.0" encoding="UTF-8"?>
<!-- Generated by org.testng.reporters.JUnitReportReporter -->
<testsuite skipped="0" hostname="md2qjhdc" name="testNgConcept.DisableTestCaseInTestNgXmlFile" tests="2" failures="0" timestamp="30 Oct 2021 05:17:17 GMT" time="0.006" errors="0">
  <testcase name="m3" time="0.000" classname="testNgConcept.DisableTestCaseInTestNgXmlFile"/>
  <testcase name="m1" time="0.006" classname="testNgConcept.DisableTestCaseInTestNgXmlFile"/>
</testsuite> <!-- testNgConcept.DisableTestCaseInTestNgXmlFile -->
